<?xml version="1.0" encoding="UTF-8"?>
<testng-results skipped="0" failed="1" total="8" passed="7">
  <reporter-output>
  </reporter-output>
  <suite name="Suite" duration-ms="33950" started-at="2018-11-29T09:55:19Z" finished-at="2018-11-29T09:55:53Z">
    <groups>
    </groups>
    <test name="Test" duration-ms="33950" started-at="2018-11-29T09:55:19Z" finished-at="2018-11-29T09:55:53Z">
      <class name="com.associatePortal.Associate_Login">
        <test-method status="PASS" signature="setup1()[pri:0, instance:com.associatePortal.Associate_Login@60f82f98]" name="setup1" is-config="true" duration-ms="9442" started-at="2018-11-29T15:25:19Z" finished-at="2018-11-29T15:25:29Z">
          <reporter-output>
          </reporter-output>
        </test-method> <!-- setup1 -->
        <test-method status="PASS" signature="TCBA01001()[pri:0, instance:com.associatePortal.Associate_Login@60f82f98]" name="TCBA01001" duration-ms="623" started-at="2018-11-29T15:25:29Z" finished-at="2018-11-29T15:25:29Z">
          <reporter-output>
          </reporter-output>
        </test-method> <!-- TCBA01001 -->
        <test-method status="PASS" signature="TCBA01002()[pri:0, instance:com.associatePortal.Associate_Login@60f82f98]" name="TCBA01002" duration-ms="377" started-at="2018-11-29T15:25:29Z" finished-at="2018-11-29T15:25:30Z">
          <reporter-output>
          </reporter-output>
        </test-method> <!-- TCBA01002 -->
        <test-method status="PASS" signature="TCBA01003()[pri:0, instance:com.associatePortal.Associate_Login@60f82f98]" name="TCBA01003" duration-ms="398" started-at="2018-11-29T15:25:30Z" finished-at="2018-11-29T15:25:30Z">
          <reporter-output>
          </reporter-output>
        </test-method> <!-- TCBA01003 -->
        <test-method status="FAIL" signature="TCBA01004()[pri:0, instance:com.associatePortal.Associate_Login@60f82f98]" name="TCBA01004" duration-ms="2416" started-at="2018-11-29T15:25:30Z" finished-at="2018-11-29T15:25:33Z">
          <exception class="java.lang.AssertionError">
            <message>
              <![CDATA[ Username was not found-message not found expected [Username was not found.] but found [Log In
User Name
Password
Log in
Forgot your password? | Forgot your username?]]]>
            </message>
            <full-stacktrace>
              <![CDATA[java.lang.AssertionError:  Username was not found-message not found expected [Username was not found.] but found [Log In
User Name
Password
Log in
Forgot your password? | Forgot your username?]
	at org.testng.Assert.fail(Assert.java:94)
	at org.testng.Assert.failNotEquals(Assert.java:494)
	at org.testng.Assert.assertEquals(Assert.java:123)
	at org.testng.Assert.assertEquals(Assert.java:176)
	at com.associatePortal.Associate_Login.TCBA01004(Associate_Login.java:124)
	at sun.reflect.NativeMethodAccessorImpl.invoke0(Native Method)
	at sun.reflect.NativeMethodAccessorImpl.invoke(NativeMethodAccessorImpl.java:62)
	at sun.reflect.DelegatingMethodAccessorImpl.invoke(DelegatingMethodAccessorImpl.java:43)
	at java.lang.reflect.Method.invoke(Method.java:498)
	at org.testng.internal.MethodInvocationHelper.invokeMethod(MethodInvocationHelper.java:80)
	at org.testng.internal.Invoker.invokeMethod(Invoker.java:714)
	at org.testng.internal.Invoker.invokeTestMethod(Invoker.java:901)
	at org.testng.internal.Invoker.invokeTestMethods(Invoker.java:1231)
	at org.testng.internal.TestMethodWorker.invokeTestMethods(TestMethodWorker.java:127)
	at org.testng.internal.TestMethodWorker.run(TestMethodWorker.java:111)
	at org.testng.TestRunner.privateRun(TestRunner.java:767)
	at org.testng.TestRunner.run(TestRunner.java:617)
	at org.testng.SuiteRunner.runTest(SuiteRunner.java:334)
	at org.testng.SuiteRunner.runSequentially(SuiteRunner.java:329)
	at org.testng.SuiteRunner.privateRun(SuiteRunner.java:291)
	at org.testng.SuiteRunner.run(SuiteRunner.java:240)
	at org.testng.SuiteRunnerWorker.runSuite(SuiteRunnerWorker.java:52)
	at org.testng.SuiteRunnerWorker.run(SuiteRunnerWorker.java:86)
	at org.testng.TestNG.runSuitesSequentially(TestNG.java:1198)
	at org.testng.TestNG.runSuitesLocally(TestNG.java:1123)
	at org.testng.TestNG.run(TestNG.java:1031)
	at org.apache.maven.surefire.testng.TestNGExecutor.run(TestNGExecutor.java:295)
	at org.apache.maven.surefire.testng.TestNGXmlTestSuite.execute(TestNGXmlTestSuite.java:84)
	at org.apache.maven.surefire.testng.TestNGProvider.invoke(TestNGProvider.java:90)
	at org.apache.maven.surefire.booter.ForkedBooter.invokeProviderInSameClassLoader(ForkedBooter.java:203)
	at org.apache.maven.surefire.booter.ForkedBooter.runSuitesInProcess(ForkedBooter.java:155)
	at org.apache.maven.surefire.booter.ForkedBooter.main(ForkedBooter.java:103)
]]>
            </full-stacktrace>
          </exception> <!-- java.lang.AssertionError -->
          <reporter-output>
          </reporter-output>
        </test-method> <!-- TCBA01004 -->
        <test-method status="PASS" signature="TCBA01005()[pri:0, instance:com.associatePortal.Associate_Login@60f82f98]" name="TCBA01005" duration-ms="3440" started-at="2018-11-29T15:25:33Z" finished-at="2018-11-29T15:25:36Z">
          <reporter-output>
          </reporter-output>
        </test-method> <!-- TCBA01005 -->
        <test-method status="PASS" signature="TCBA01006()[pri:0, instance:com.associatePortal.Associate_Login@60f82f98]" name="TCBA01006" duration-ms="3459" started-at="2018-11-29T15:25:36Z" finished-at="2018-11-29T15:25:40Z">
          <reporter-output>
          </reporter-output>
        </test-method> <!-- TCBA01006 -->
        <test-method status="PASS" signature="TCBA01007()[pri:0, instance:com.associatePortal.Associate_Login@60f82f98]" name="TCBA01007" duration-ms="10027" started-at="2018-11-29T15:25:40Z" finished-at="2018-11-29T15:25:50Z">
          <reporter-output>
          </reporter-output>
        </test-method> <!-- TCBA01007 -->
        <test-method status="PASS" signature="TCBA01008()[pri:0, instance:com.associatePortal.Associate_Login@60f82f98]" name="TCBA01008" duration-ms="3756" started-at="2018-11-29T15:25:50Z" finished-at="2018-11-29T15:25:53Z">
          <reporter-output>
          </reporter-output>
        </test-method> <!-- TCBA01008 -->
        <test-method status="PASS" signature="tearDown()[pri:0, instance:com.associatePortal.Associate_Login@60f82f98]" name="tearDown" is-config="true" duration-ms="1" started-at="2018-11-29T15:25:53Z" finished-at="2018-11-29T15:25:53Z">
          <reporter-output>
          </reporter-output>
        </test-method> <!-- tearDown -->
      </class> <!-- com.associatePortal.Associate_Login -->
    </test> <!-- Test -->
  </suite> <!-- Suite -->
</testng-results>
