<?xml version="1.0" encoding="UTF-8"?>
<testng-results skipped="0" failed="1" total="3" passed="2">
  <reporter-output>
  </reporter-output>
  <suite name="Default suite" duration-ms="65402" started-at="2018-10-19T15:41:34Z" finished-at="2018-10-19T15:42:39Z">
    <groups>
    </groups>
    <test name="Default test" duration-ms="65402" started-at="2018-10-19T15:41:34Z" finished-at="2018-10-19T15:42:39Z">
      <class name="com.Home.Associate_Home">
        <test-method status="PASS" signature="setup1()[pri:0, instance:com.Home.Associate_Home@239963d8]" name="setup1" is-config="true" duration-ms="11116" started-at="2018-10-19T21:11:34Z" finished-at="2018-10-19T21:11:45Z">
          <reporter-output>
          </reporter-output>
        </test-method> <!-- setup1 -->
        <test-method status="PASS" signature="TCBA01101()[pri:0, instance:com.Home.Associate_Home@239963d8]" name="TCBA01101" duration-ms="4103" started-at="2018-10-19T21:11:45Z" finished-at="2018-10-19T21:11:49Z">
          <reporter-output>
          </reporter-output>
        </test-method> <!-- TCBA01101 -->
        <test-method status="FAIL" signature="TCBA01102()[pri:0, instance:com.Home.Associate_Home@239963d8]" name="TCBA01102" duration-ms="47747" started-at="2018-10-19T21:11:49Z" finished-at="2018-10-19T21:12:37Z">
          <exception class="java.lang.AssertionError">
            <message>
              <![CDATA[Timeout during waiting for element: '//span[contains(text(),'26')]']]>
            </message>
            <full-stacktrace>
              <![CDATA[java.lang.AssertionError: Timeout during waiting for element: '//span[contains(text(),'26')]'
	at com.Library.UtilityClass.waitFor(UtilityClass.java:256)
	at com.Library.UtilityClass.click(UtilityClass.java:168)
	at com.Home.Associate_Home.TCBA01102(Associate_Home.java:139)
	at sun.reflect.NativeMethodAccessorImpl.invoke0(Native Method)
	at sun.reflect.NativeMethodAccessorImpl.invoke(NativeMethodAccessorImpl.java:62)
	at sun.reflect.DelegatingMethodAccessorImpl.invoke(DelegatingMethodAccessorImpl.java:43)
	at java.lang.reflect.Method.invoke(Method.java:498)
	at org.testng.internal.MethodInvocationHelper.invokeMethod(MethodInvocationHelper.java:80)
	at org.testng.internal.Invoker.invokeMethod(Invoker.java:714)
	at org.testng.internal.Invoker.invokeTestMethod(Invoker.java:901)
	at org.testng.internal.Invoker.invokeTestMethods(Invoker.java:1231)
	at org.testng.internal.TestMethodWorker.invokeTestMethods(TestMethodWorker.java:127)
	at org.testng.internal.TestMethodWorker.run(TestMethodWorker.java:111)
	at org.testng.TestRunner.privateRun(TestRunner.java:767)
	at org.testng.TestRunner.run(TestRunner.java:617)
	at org.testng.SuiteRunner.runTest(SuiteRunner.java:334)
	at org.testng.SuiteRunner.runSequentially(SuiteRunner.java:329)
	at org.testng.SuiteRunner.privateRun(SuiteRunner.java:291)
	at org.testng.SuiteRunner.run(SuiteRunner.java:240)
	at org.testng.SuiteRunnerWorker.runSuite(SuiteRunnerWorker.java:52)
	at org.testng.SuiteRunnerWorker.run(SuiteRunnerWorker.java:86)
	at org.testng.TestNG.runSuitesSequentially(TestNG.java:1198)
	at org.testng.TestNG.runSuitesLocally(TestNG.java:1123)
	at org.testng.TestNG.run(TestNG.java:1031)
	at org.testng.remote.AbstractRemoteTestNG.run(AbstractRemoteTestNG.java:114)
	at org.testng.remote.RemoteTestNG.initAndRun(RemoteTestNG.java:251)
	at org.testng.remote.RemoteTestNG.main(RemoteTestNG.java:77)
]]>
            </full-stacktrace>
          </exception> <!-- java.lang.AssertionError -->
          <reporter-output>
          </reporter-output>
        </test-method> <!-- TCBA01102 -->
        <test-method status="PASS" signature="TCBA01103()[pri:0, instance:com.Home.Associate_Home@239963d8]" name="TCBA01103" duration-ms="2408" started-at="2018-10-19T21:12:37Z" finished-at="2018-10-19T21:12:39Z">
          <reporter-output>
          </reporter-output>
        </test-method> <!-- TCBA01103 -->
        <test-method status="PASS" signature="tearDown()[pri:0, instance:com.Home.Associate_Home@239963d8]" name="tearDown" is-config="true" duration-ms="0" started-at="2018-10-19T21:12:39Z" finished-at="2018-10-19T21:12:39Z">
          <reporter-output>
          </reporter-output>
        </test-method> <!-- tearDown -->
      </class> <!-- com.Home.Associate_Home -->
    </test> <!-- Default test -->
  </suite> <!-- Default suite -->
</testng-results>
